<?xml version="1.0" encoding="UTF-8"?>
<!-- Generated by org.testng.reporters.JUnitReportReporter -->
<testsuite hostname="QT-INBG-LT0345" failures="0" tests="1" name="ContactUs" time="5.431" errors="0" timestamp="2022-07-26T12:16:19 IST" skipped="0">
  <testcase classname="ContactUs" name="contactus" time="5.431"/>
  <system-out/>
</testsuite> <!-- ContactUs -->
