<?xml version="1.0" encoding="UTF-8"?>
<!-- Generated by org.testng.reporters.JUnitReportReporter -->
<testsuite hostname="QT-INBG-LT0345" failures="0" tests="1" name="Order" time="8.492" errors="0" timestamp="2022-07-26T12:16:01 IST" skipped="0">
  <testcase classname="Order" name="order" time="8.492"/>
  <system-out/>
</testsuite> <!-- Order -->
