<?xml version="1.0" encoding="UTF-8"?>
<!-- Generated by org.testng.reporters.JUnitReportReporter -->
<testsuite hostname="QT-INBG-LT0345" failures="0" tests="1" name="Signup" time="5.678" errors="0" timestamp="2022-07-26T12:15:10 IST" skipped="0">
  <testcase classname="Signup" name="signup" time="5.678"/>
  <system-out/>
</testsuite> <!-- Signup -->
