<?xml version="1.0" encoding="UTF-8"?>
<!-- Generated by org.testng.reporters.JUnitReportReporter -->
<testsuite hostname="QT-INBG-LT0345" failures="0" tests="1" name="Mobile_world.Signup" time="5.113" errors="0" timestamp="2022-07-26T12:31:19 IST" skipped="0">
  <testcase classname="Mobile_world.Signup" name="signup" time="5.113"/>
  <system-out/>
</testsuite> <!-- Mobile_world.Signup -->
